[13:19:26.699][INFO]: Successfully injected RecipeFS file system
[13:19:26.741][INFO]: Successfully identified and loaded plugin crafttweaker:builtin
[13:19:26.742][INFO]: Successfully identified and loaded plugin crafttweaker:builtin_forge
[13:19:26.745][INFO]: Successfully identified and loaded plugin farmersdelight:crafttweaker_plugin
[13:19:27.546][INFO]: The following mods have explicit CraftTweaker support through the default plugin:
[13:19:27.547][INFO]: - 'aether' at version '1.19.2-1.4.2-forge'
[13:19:27.547][INFO]: - 'aquaculture' at version '1.19.2-2.4.17'
[13:19:27.547][INFO]: - 'crafttweaker' at version '10.1.56'
[13:19:27.547][INFO]: - 'farmersdelight' at version '1.19.2-1.2.4'
[13:19:27.547][INFO]: - 'gamestages' at version '11.1.4'
[13:19:27.547][INFO]: - 'itemstages' at version '5.1.4'
[13:19:39.177][INFO]: Started loading scripts for loader 'initialize'
[13:19:39.907][INFO]: Compiling and executing scripts
[13:19:39.970][INFO]: Successfully initialized modules [crafttweaker, expansions]
[13:19:40.112][INFO]: Execution for loader 'initialize' completed successfully
[13:19:50.785][INFO]: Started loading scripts for loader 'tags'
[13:19:50.819][INFO]: Compiling and executing scripts
[13:19:50.839][INFO]: Successfully initialized modules [crafttweaker, expansions]
[13:19:50.853][INFO]: Execution for loader 'tags' completed successfully
[13:19:55.108][INFO]: Started loading scripts for loader 'crafttweaker'
[13:19:55.137][INFO]: Compiling and executing scripts
[13:19:55.552][INFO]: Successfully initialized modules [mods, crafttweaker, expansions]
[13:19:55.556][INFO]: Loading file 'Cisco.zs' with priority 0
[13:19:55.585][INFO]: Hello world!
[13:19:55.589][INFO]: Adding 'minecraft:smithing' recipe, with name: 'crafttweaker:dreadsteel_chestplate' that outputs: '<item:dreadsteel:dreadsteel_chestplate>'
[13:19:55.590][INFO]: Adding 'minecraft:smithing' recipe, with name: 'crafttweaker:dreadsteel_helmet' that outputs: '<item:dreadsteel:dreadsteel_helmet>'
[13:19:55.590][INFO]: Adding 'minecraft:smithing' recipe, with name: 'crafttweaker:dreadsteel_boots' that outputs: '<item:dreadsteel:dreadsteel_boots>'
[13:19:55.590][INFO]: Adding 'minecraft:smithing' recipe, with name: 'crafttweaker:dreadsteel_leggings' that outputs: '<item:dreadsteel:dreadsteel_leggings>'
[13:19:55.591][INFO]: Adding 'minecraft:crafting' recipe, of type: "shapeless", with name: 'crafttweaker:dreadsteel_ingot_recipe' that outputs: '<item:dreadsteel:dreadsteel_ingot>'
[13:19:55.591][INFO]: Adding 'minecraft:crafting' recipe, of type: "shapeless", with name: 'crafttweaker:dreadsteel_scythe_recipe' that outputs: '<item:dreadsteel:dreadsteel_scythe>'
[13:19:55.591][INFO]: Adding 'minecraft:crafting' recipe, of type: "shapeless", with name: 'crafttweaker:dreadsteel_shield_recipe' that outputs: '<item:dreadsteel:dreadsteel_shield>'
[13:19:55.592][INFO]: Removing "minecraft:crafting" recipes with modid: "dreadsteel"
[13:19:55.593][INFO]: Adding 'minecraft:crafting' recipe, of type: "shapeless", with name: 'crafttweaker:amnesia_scroll' that outputs: '<item:skilltree:amnesia_scroll>'
[13:19:55.593][INFO]: Adding 'minecraft:crafting' recipe, of type: "shapeless", with name: 'crafttweaker:true_dragons_breath' that outputs: '<item:cisco_mod:true_dragons_breath>'
[13:19:55.597][INFO]: Adding 'minecraft:crafting' recipe, of type: "shapeless", with name: 'crafttweaker:rogue_eye' that outputs: '<item:endrem:rogue_eye>.withTag({Damage: 0})'
[13:19:55.597][INFO]: Adding 'minecraft:crafting' recipe, of type: "shapeless", with name: 'crafttweaker:undead_soul' that outputs: '<item:endrem:undead_soul>'
[13:19:55.597][INFO]: Adding 'minecraft:crafting' recipe, of type: "shapeless", with name: 'crafttweaker:demonium_ingot_recipe' that outputs: '<item:cisco_mod:demonium_ingot>'
[13:19:55.597][INFO]: Adding 'minecraft:crafting' recipe, of type: "shapeless", with name: 'crafttweaker:frigidium_ingot_recipe' that outputs: '<item:cisco_mod:frigidiumingot>'
[13:19:55.597][INFO]: Execution for loader 'crafttweaker' completed successfully
[13:19:55.599][INFO]: This reload was made possible by NerdyWhiteGuy and more! Become a patron at https://patreon.com/jaredlll08?s=crtmod
